<?xml version="1.0" encoding="UTF-8" ?>
<testsuite failures="0" time="0.031" errors="0" skipped="0" tests="26" name="com.impetus.bookstore.service.test.RequestServiceTest">
  <properties>
    <property name="http.agent" value="Sonar Maven/3.2.2"/>
    <property name="ROOT_LOGGER_LEVEL" value="INFO"/>
    <property name="java.runtime.name" value="Java(TM) SE Runtime Environment"/>
    <property name="sun.boot.library.path" value="D:\Java\jdk1.7.0\jre\bin"/>
    <property name="java.vm.version" value="21.0-b17"/>
    <property name="java.vm.vendor" value="Oracle Corporation"/>
    <property name="java.vendor.url" value="http://java.oracle.com/"/>
    <property name="path.separator" value=";"/>
    <property name="guice.disable.misplaced.annotation.check" value="true"/>
    <property name="java.vm.name" value="Java HotSpot(TM) 64-Bit Server VM"/>
    <property name="file.encoding.pkg" value="sun.io"/>
    <property name="user.script" value=""/>
    <property name="user.country" value="US"/>
    <property name="sun.java.launcher" value="SUN_STANDARD"/>
    <property name="sun.os.patch.level" value=""/>
    <property name="java.vm.specification.name" value="Java Virtual Machine Specification"/>
    <property name="user.dir" value="D:\SpringWorkspace\BookStacks"/>
    <property name="java.runtime.version" value="1.7.0-b147"/>
    <property name="java.awt.graphicsenv" value="sun.awt.Win32GraphicsEnvironment"/>
    <property name="java.endorsed.dirs" value="D:\Java\jdk1.7.0\jre\lib\endorsed"/>
    <property name="os.arch" value="amd64"/>
    <property name="java.io.tmpdir" value="C:\Users\SUKIRT~1.GUP\AppData\Local\Temp\"/>
    <property name="line.separator" value="
"/>
    <property name="java.vm.specification.vendor" value="Oracle Corporation"/>
    <property name="user.variant" value=""/>
    <property name="os.name" value="Windows NT (unknown)"/>
    <property name="classworlds.conf" value="D:\apache-maven-3.2.2-bin\apache-maven-3.2.2\bin\..\bin\m2.conf"/>
    <property name="sun.jnu.encoding" value="Cp1252"/>
    <property name="java.library.path" value="D:\Java\jdk1.7.0\bin;C:\Windows\Sun\Java\bin;C:\Windows\system32;C:\Windows;C:\Program Files (x86)\Intel\iCLS Client\;C:\Program Files\Intel\iCLS Client\;C:\Windows\system32;C:\Windows;C:\Windows\System32\Wbem;C:\Windows\System32\WindowsPowerShell\v1.0\;C:\Program Files\Intel\Intel(R) Management Engine Components\DAL;C:\Program Files\Intel\Intel(R) Management Engine Components\IPT;C:\Program Files (x86)\Intel\Intel(R) Management Engine Components\DAL;C:\Program Files (x86)\Intel\Intel(R) Management Engine Components\IPT;D:\nodejs\;D:\apache-maven-3.2.2-bin\apache-maven-3.2.2\bin;C:\Users\sukirti.gupta\AppData\Roaming\npm;D:\Perforce;."/>
    <property name="java.specification.name" value="Java Platform API Specification"/>
    <property name="java.class.version" value="51.0"/>
    <property name="sun.management.compiler" value="HotSpot 64-Bit Tiered Compilers"/>
    <property name="os.version" value="6.2"/>
    <property name="user.home" value="C:\Users\sukirti.gupta"/>
    <property name="user.timezone" value="Asia/Calcutta"/>
    <property name="java.awt.printerjob" value="sun.awt.windows.WPrinterJob"/>
    <property name="java.specification.version" value="1.7"/>
    <property name="file.encoding" value="Cp1252"/>
    <property name="user.name" value="sukirti.gupta"/>
    <property name="java.class.path" value="D:\apache-maven-3.2.2-bin\apache-maven-3.2.2\bin\..\boot\plexus-classworlds-2.5.1.jar"/>
    <property name="org.slf4j.simpleLogger.defaultLogLevel" value="info"/>
    <property name="java.vm.specification.version" value="1.7"/>
    <property name="sun.arch.data.model" value="64"/>
    <property name="java.home" value="D:\Java\jdk1.7.0\jre"/>
    <property name="sun.java.command" value="org.codehaus.plexus.classworlds.launcher.Launcher sonar:sonar"/>
    <property name="java.specification.vendor" value="Oracle Corporation"/>
    <property name="user.language" value="en"/>
    <property name="awt.toolkit" value="sun.awt.windows.WToolkit"/>
    <property name="java.vm.info" value="mixed mode"/>
    <property name="java.version" value="1.7.0"/>
    <property name="java.ext.dirs" value="D:\Java\jdk1.7.0\jre\lib\ext;C:\Windows\Sun\Java\lib\ext"/>
    <property name="sun.boot.class.path" value="D:\Java\jdk1.7.0\jre\lib\resources.jar;D:\Java\jdk1.7.0\jre\lib\rt.jar;D:\Java\jdk1.7.0\jre\lib\sunrsasign.jar;D:\Java\jdk1.7.0\jre\lib\jsse.jar;D:\Java\jdk1.7.0\jre\lib\jce.jar;D:\Java\jdk1.7.0\jre\lib\charsets.jar;D:\Java\jdk1.7.0\jre\classes"/>
    <property name="java.vendor" value="Oracle Corporation"/>
    <property name="maven.home" value="D:\apache-maven-3.2.2-bin\apache-maven-3.2.2\bin\.."/>
    <property name="file.separator" value="\"/>
    <property name="java.vendor.url.bug" value="http://bugreport.sun.com/bugreport/"/>
    <property name="sun.cpu.endian" value="little"/>
    <property name="sun.io.unicode.encoding" value="UnicodeLittle"/>
    <property name="sun.desktop" value="windows"/>
    <property name="sun.cpu.isalist" value="amd64"/>
  </properties>
  <testcase time="0" classname="com.impetus.bookstore.service.test.RequestServiceTest" name="testAddToBookshelfBranch1"/>
  <testcase time="0.015" classname="com.impetus.bookstore.service.test.RequestServiceTest" name="testStoreBook"/>
  <testcase time="0" classname="com.impetus.bookstore.service.test.RequestServiceTest" name="testAddToBookshelf2"/>
  <testcase time="0" classname="com.impetus.bookstore.service.test.RequestServiceTest" name="testCancelReturnBranch"/>
  <testcase time="0" classname="com.impetus.bookstore.service.test.RequestServiceTest" name="testToReturn"/>
  <testcase time="0" classname="com.impetus.bookstore.service.test.RequestServiceTest" name="testShowBookshelf"/>
  <testcase time="0" classname="com.impetus.bookstore.service.test.RequestServiceTest" name="testCancelReturn"/>
  <testcase time="0" classname="com.impetus.bookstore.service.test.RequestServiceTest" name="testRemoveBookshelf"/>
  <testcase time="0" classname="com.impetus.bookstore.service.test.RequestServiceTest" name="testPlaceRequest"/>
  <testcase time="0" classname="com.impetus.bookstore.service.test.RequestServiceTest" name="testuserReq1"/>
  <testcase time="0" classname="com.impetus.bookstore.service.test.RequestServiceTest" name="testuserReq2"/>
  <testcase time="0" classname="com.impetus.bookstore.service.test.RequestServiceTest" name="testuserReq3"/>
  <testcase time="0" classname="com.impetus.bookstore.service.test.RequestServiceTest" name="testuserReq4"/>
  <testcase time="0" classname="com.impetus.bookstore.service.test.RequestServiceTest" name="testReturned"/>
  <testcase time="0" classname="com.impetus.bookstore.service.test.RequestServiceTest" name="testPlaceRequestBranch1"/>
  <testcase time="0" classname="com.impetus.bookstore.service.test.RequestServiceTest" name="testPlaceRequestBranch2"/>
  <testcase time="0" classname="com.impetus.bookstore.service.test.RequestServiceTest" name="testPlaceRequestBranch3"/>
  <testcase time="0" classname="com.impetus.bookstore.service.test.RequestServiceTest" name="testPlaceRequestBranch4"/>
  <testcase time="0" classname="com.impetus.bookstore.service.test.RequestServiceTest" name="testPlaceRequestBranch5"/>
  <testcase time="0" classname="com.impetus.bookstore.service.test.RequestServiceTest" name="testToDeliver"/>
  <testcase time="0" classname="com.impetus.bookstore.service.test.RequestServiceTest" name="testReturnBook"/>
  <testcase time="0" classname="com.impetus.bookstore.service.test.RequestServiceTest" name="testAddToBookshelf"/>
  <testcase time="0" classname="com.impetus.bookstore.service.test.RequestServiceTest" name="testShowCurrent"/>
  <testcase time="0" classname="com.impetus.bookstore.service.test.RequestServiceTest" name="testGetReqDetails"/>
  <testcase time="0" classname="com.impetus.bookstore.service.test.RequestServiceTest" name="testCancelDelivery"/>
  <testcase time="0.016" classname="com.impetus.bookstore.service.test.RequestServiceTest" name="testCancelReturnCatch"/>
</testsuite>